<<<<<<< HEAD
﻿生成启动时间为 2015/4/30 16:36:10。
=======
﻿生成启动时间为 2015/4/28 20:40:55。
>>>>>>> 65120b9e16d40ae63156059aed2fa0b00eda3d67
     1>项目“E:\桌面\opencv\C++\Learning\learning\Practice1\Practice1.vcxproj”在节点 2 上(Build 个目标)。
     1>ClCompile:
         D:\Program Files (x86)\VS2013\VC\bin\CL.exe /c /ZI /nologo /W3 /WX- /sdl /Od /Oy- /D WIN32 /D _DEBUG /D _CONSOLE /D _LIB /D _UNICODE /D UNICODE /Gm /EHsc /RTC1 /MDd /GS /fp:precise /Zc:wchar_t /Zc:forScope /Fo"Debug\\" /Fd"Debug\vc120.pdb" /Gd /TP /analyze- /errorReport:prompt main1.cpp
         main1.cpp
<<<<<<< HEAD
     1>e:\桌面\opencv\c++\learning\learning\practice1\cp5_ex7.h(218): warning C4200: 使用了非标准扩展 : 结构/联合中的零大小数组
                 当 UDT 包含大小为零的数组时，无法生成复制构造函数或副本赋值运算符
     1>e:\桌面\opencv\c++\learning\learning\practice1\main1.cpp(43): warning C4101: “ac2”: 未引用的局部变量
     1>e:\桌面\opencv\c++\learning\learning\practice1\main1.cpp(42): warning C4101: “ac1”: 未引用的局部变量
=======
     1>e:\桌面\opencv\c++\learning\learning\practice1\main1.cpp(60): warning C4172: 返回局部变量或临时变量的地址
     1>e:\桌面\opencv\c++\learning\learning\practice1\main1.cpp(66): warning C4172: 返回局部变量或临时变量的地址
>>>>>>> 65120b9e16d40ae63156059aed2fa0b00eda3d67
       Link:
         D:\Program Files (x86)\VS2013\VC\bin\link.exe /ERRORREPORT:PROMPT /OUT:"E:\桌面\opencv\C++\Learning\learning\Debug\Practice1.exe" /INCREMENTAL /NOLOGO kernel32.lib user32.lib gdi32.lib winspool.lib comdlg32.lib advapi32.lib shell32.lib ole32.lib oleaut32.lib uuid.lib odbc32.lib odbccp32.lib /MANIFEST /MANIFESTUAC:"level='asInvoker' uiAccess='false'" /manifest:embed /DEBUG /PDB:"E:\桌面\opencv\C++\Learning\learning\Debug\Practice1.pdb" /SUBSYSTEM:CONSOLE /TLBID:1 /DYNAMICBASE /NXCOMPAT /IMPLIB:"E:\桌面\opencv\C++\Learning\learning\Debug\Practice1.lib" /MACHINE:X86 Debug\main1.obj
         Practice1.vcxproj -> E:\桌面\opencv\C++\Learning\learning\Debug\Practice1.exe
     1>已完成生成项目“E:\桌面\opencv\C++\Learning\learning\Practice1\Practice1.vcxproj”(Build 个目标)的操作。

生成成功。

<<<<<<< HEAD
已用时间 00:00:00.91
=======
已用时间 00:00:00.85
>>>>>>> 65120b9e16d40ae63156059aed2fa0b00eda3d67
